2024-01-04 20:20:39,957 INFO     Initiating data ingestion
2024-01-04 20:20:39,957 INFO     Read the data from the raw.csv file
2024-01-04 20:20:39,991 INFO     Saved the data to the raw.csv file
2024-01-04 20:20:39,991 INFO     Train-test split initiated
2024-01-04 20:20:40,024 INFO     Train-test split completed
2024-01-04 20:20:40,024 INFO     Data ingestion completed
2024-01-04 20:20:40,057 INFO     Read the data from the train.csv and test.csv file
2024-01-04 20:20:40,057 INFO     Initiating data transformation
2024-01-04 20:20:40,057 INFO     Data transformation initiated
2024-01-04 20:20:40,057 INFO     numerical_columns: ['Year', 'Kilometers_Driven', 'Mileage(kmpl)', 'Engine(cc)', 'Power(bhp)', 'Seats']
2024-01-04 20:20:40,057 INFO     categorical_columns_ordinal1: ['Fuel_Type', 'Transmission', 'Owner_Type']
2024-01-04 20:20:40,057 INFO     categorical_columns_nominal: ['Region']
2024-01-04 20:20:40,057 INFO     categorical_columns_ordinal2: ['Brand', 'Model']
2024-01-04 20:20:40,057 INFO     Data transformation completed
2024-01-04 20:20:40,057 INFO     fit the preprocessor object on the train data
2024-01-04 20:20:40,091 INFO     transform test data
2024-01-04 20:20:40,091 INFO     Data transformation completed
2024-01-04 20:20:40,091 INFO     Saving the preprocessor object
2024-01-04 20:20:40,125 INFO     splitting the data into X_train,y_train,X_test,y_test
2024-01-04 20:20:40,125 INFO     splitting completed
2024-01-04 20:20:40,125 INFO     Initiating model training
2024-01-04 20:20:40,175 INFO     Evaluating the models
2024-01-04 20:20:51,485 INFO     model_report: {'Random Forest': 0.8764231828011428, 'Decision Tree': 0.7906583444844983, 'Gradient Boosting': 0.847004748936595, 'Linear Regression': 0.6706935915413912, 'XGBRegressor': 0.8854051660678778, 'CatBoosting Regressor': 0.9007036937397506, 'AdaBoost Regressor': 0.6099272839679565, 'KNeighbors Regressor': 0.8223569707151807}
2024-01-04 20:20:51,536 INFO     best_model_score: 0.9007036937397506
2024-01-04 20:20:51,536 INFO     best_model_name: CatBoosting Regressor
2024-01-04 20:20:51,536 INFO     best_model: <catboost.core.CatBoostRegressor object at 0x0000025585C01DF0>
2024-01-04 20:20:51,536 INFO     found the best model
2024-01-04 20:20:51,553 INFO     model saved successfully
2024-01-04 20:20:51,568 INFO     predicted value: [21.92585184 10.69182809 21.45585444 ...  8.30284905  3.23640437
  3.498602  ]
2024-01-04 20:20:51,568 INFO     r2 score: 0.9007036937397506
