2024-01-04 21:50:32,230 INFO     Initiating data ingestion
2024-01-04 21:50:32,242 INFO     Read the data from the raw.csv file
2024-01-04 21:50:32,273 INFO     Saved the data to the raw.csv file
2024-01-04 21:50:32,273 INFO     Train-test split initiated
2024-01-04 21:50:32,304 INFO     Train-test split completed
2024-01-04 21:50:32,304 INFO     Data ingestion completed
2024-01-04 21:50:32,344 INFO     Read the data from the train.csv and test.csv file
2024-01-04 21:50:32,344 INFO     Initiating data transformation
2024-01-04 21:50:32,344 INFO     Data transformation initiated
2024-01-04 21:50:32,351 INFO     numerical_columns: ['Year', 'Kilometers_Driven', 'Mileage(kmpl)', 'Engine(cc)', 'Power(bhp)', 'Seats']
2024-01-04 21:50:32,351 INFO     categorical_columns: ['Fuel_Type', 'Transmission', 'Owner_Type', 'Brand', 'Model', 'Region']
2024-01-04 21:50:32,351 INFO     Data transformation completed
2024-01-04 21:50:32,351 INFO     fit the preprocessor object on the train data
2024-01-04 21:50:32,368 INFO     transform test data
2024-01-04 21:50:32,383 INFO     Data transformation dsjndkjs
2024-01-04 21:50:32,431 INFO     input_feature_train_arr:   (0, 0)	637.2188902841863
  (0, 1)	0.7027868214446746
  (0, 2)	4.08884057048223
  (0, 3)	2.592241299483224
  (0, 4)	2.3050321036165426
  (0, 5)	6.215649317870339
  (0, 7)	2.0074024402246256
  (0, 10)	2.2033821891074217
  (0, 14)	2.7270188260421278
  (0, 25)	2.5962776825535294
  (0, 215)	6.006796604740447
  (0, 245)	2.250889138876789
2024-01-04 21:50:32,431 INFO     input_feature_test_arr:   (0, 0)	635.9533115547241
  (0, 1)	0.5741075442787483
  (0, 2)	3.5273750414118195
  (0, 3)	4.904284582397781
  (0, 4)	4.707871142598702
  (0, 5)	6.215649317870339
  (0, 7)	2.0074024402246256
  (0, 10)	2.2033821891074217
  (0, 12)	2.607067785372906
  (0, 17)	4.8608709359513025
  (0, 49)	20.688217598861442
  (0, 244)	2.0019450589024195
